<?xml version="1.0" encoding="UTF-8"?>
<!-- Generated by org.testng.reporters.JUnitReportReporter -->
<testsuite hostname="Dalya" failures="0" tests="3" name="magenta2.AddRandomItem" time="9.413" errors="0" timestamp="2024-06-22T13:27:06 EET" skipped="0">
  <testcase classname="magenta2.AddRandomItem" name="mytest" time="1.707"/>
  <system-out/>
  <testcase classname="magenta2.AddRandomItem" name="checkout" time="4.760"/>
  <system-out/>
  <testcase classname="magenta2.AddRandomItem" name="signup" time="2.946"/>
  <system-out/>
</testsuite> <!-- magenta2.AddRandomItem -->
