<?xml version="1.0" encoding="UTF-8"?>
<!-- Generated by org.testng.reporters.JUnitReportReporter -->
<testsuite hostname="Dalya" failures="0" tests="5" name="magenta2.AddRandomItem" time="13.800" errors="0" timestamp="2024-06-20T14:16:00 EET" skipped="0">
  <testcase classname="magenta2.AddRandomItem" name="mytest" time="2.904"/>
  <system-out/>
  <testcase classname="magenta2.AddRandomItem" name="mytest" time="1.777"/>
  <system-out/>
  <testcase classname="magenta2.AddRandomItem" name="mytest" time="2.458"/>
  <system-out/>
  <testcase classname="magenta2.AddRandomItem" name="mytest" time="4.048"/>
  <system-out/>
  <testcase classname="magenta2.AddRandomItem" name="mytest" time="2.613"/>
  <system-out/>
</testsuite> <!-- magenta2.AddRandomItem -->
